-----------------------------------------------------------------------------------------------
scheduled overdue info broadcasting started at: Wed Oct 26 2016 16:13:24 GMT+0800 (CST)
3 record(s) found

#1: 【逾期款監控系統】致業務員：廖珈慧 - 客戶【COTY】於昨日產生逾期款項 $276,852 (SA1050627002)。請注意！
#2: 【逾期款監控系統】致業務員：林綺緁 - 客戶【PARISIS】於昨日產生逾期款項 $1,630,337 (SA1050428005)。請注意！
#3: 【逾期款監控系統】致業務員：李宛儒 - 客戶【Freedom】於昨日產生逾期款項 $789,543 (SA1051025001)。請注意！

Scheduled mobile broadcasting completed at: Wed Oct 26 2016 16:13:24 GMT+0800 (CST)
-----------------------------------------------------------------------------------------------
-----------------------------------------------------------------------------------------------
scheduled overdue info broadcasting started at: Thu Oct 27 2016 09:00:02 GMT+0800 (CST)
1 record(s) found

#1: 【逾期款監控系統】致業務員：郭芳伊 - 客戶【ETS DUBREU】於昨日產生逾期款項 $67,719 (SA1050827001)。請注意！

Scheduled mobile broadcasting completed at: Thu Oct 27 2016 09:00:02 GMT+0800 (CST)
-----------------------------------------------------------------------------------------------
-----------------------------------------------------------------------------------------------
scheduled overdue info broadcasting started at: Sat Oct 29 2016 10:24:53 GMT+0800 (CST)
3 record(s) found

#1: 【逾期款監控系統】致業務員：郭芳伊 - 客戶【SODIP】於昨日產生逾期款項 $850,580 (SA1050913005)。請注意！
#2: 【逾期款監控系統】致業務員：郭芳伊 - 客戶【BARALAN】於昨日產生逾期款項 $687,141 (SA1050913004)。請注意！
#3: 【逾期款監控系統】致業務員：林綺緁 - 客戶【CORANIA】於昨日產生逾期款項 $1,063,460 (SA1050630005)。請注意！

Scheduled mobile broadcasting completed at: Sat Oct 29 2016 10:24:53 GMT+0800 (CST)
-----------------------------------------------------------------------------------------------
-----------------------------------------------------------------------------------------------
scheduled overdue info broadcasting started at: Sun Oct 30 2016 09:00:07 GMT+0800 (CST)
1 record(s) found

#1: 【逾期款監控系統】致業務員：林綺緁 - 客戶【Novapack I】於昨日產生逾期款項 $1,291,168 (SA1050830004)。請注意！

Scheduled mobile broadcasting completed at: Sun Oct 30 2016 09:00:07 GMT+0800 (CST)
-----------------------------------------------------------------------------------------------
-----------------------------------------------------------------------------------------------
scheduled overdue info broadcasting started at: Mon Oct 31 2016 09:00:01 GMT+0800 (CST)
1 record(s) found

#1: 【逾期款監控系統】致業務員：林綺緁 - 客戶【Novapack I】於昨日產生逾期款項 $422,269 (SA1050831003)。請注意！

Scheduled mobile broadcasting completed at: Mon Oct 31 2016 09:00:01 GMT+0800 (CST)
-----------------------------------------------------------------------------------------------
