-----------------------------------------------------------------------------------------------
Scheduled pending payment reminder broadcasting started at: Wed Oct 26 2016 16:13:11 GMT+0800 (CST)
21 record(s) found

#1: 【逾期款監控系統】致業務員：趙婉伶 - 客戶【LILIAN TERRY INTERNATIONAL】於上週產生逾期款項 $154,906 (SA1051024003) 仍未付款。請注意！
#2: 【逾期款監控系統】致業務員：廖珈慧 - 客戶【COTY】於上週產生逾期款項 $1,988,298 (SA1050624002) 仍未付款。請注意！
#3: 【逾期款監控系統】致業務員：廖珈慧 - 客戶【COTY】於上週產生逾期款項 $276,852 (SA1050627002) 仍未付款。請注意！
#4: 【逾期款監控系統】致業務員：廖珈慧 - 客戶【ABA】於2016-09-02 出貨金額 $478,276 (SA1050902002)，其繳費期限將於6日後到期，請注意催款時效。
#5: 【逾期款監控系統】致業務員：廖珈慧 - 客戶【COTY】於2016-07-05 出貨金額 $1,404,858 (SA1050705002)，其繳費期限將於7日後到期，請注意催款時效。
#6: 【逾期款監控系統】致業務員：廖珈慧 - 客戶【Jackel】於2016-09-06 出貨金額 $434,573 (SA1050906001)，其繳費期限將於10日後到期，請注意催款時效。
#7: 【逾期款監控系統】致業務員：郭芳伊 - 客戶【BARALAN】於2016-09-13 出貨金額 $687,141 (SA1050913004)，其繳費期限將於2日後到期，請注意催款時效。
#8: 【逾期款監控系統】致業務員：郭芳伊 - 客戶【SODIP】於2016-09-13 出貨金額 $850,580 (SA1050913005)，其繳費期限將於2日後到期，請注意催款時效。
#9: 【逾期款監控系統】致業務員：林綺緁 - 客戶【Les Verrer】於上週產生逾期款項 $1,495,528 (SA1050825001) 仍未付款。請注意！
#10: 【逾期款監控系統】致業務員：林綺緁 - 客戶【PARISIS】於上週產生逾期款項 $1,630,337 (SA1050428005) 仍未付款。請注意！
#11: 【逾期款監控系統】致業務員：林綺緁 - 客戶【CORANIA】於2016-06-30 出貨金額 $1,063,460 (SA1050630005)，其繳費期限將於2日後到期，請注意催款時效。
#12: 【逾期款監控系統】致業務員：林綺緁 - 客戶【Novapack I】於2016-08-30 出貨金額 $1,291,168 (SA1050830004)，其繳費期限將於3日後到期，請注意催款時效。
#13: 【逾期款監控系統】致業務員：林綺緁 - 客戶【Novapack I】於2016-08-31 出貨金額 $422,269 (SA1050831003)，其繳費期限將於4日後到期，請注意催款時效。
#14: 【逾期款監控系統】致業務員：林綺緁 - 客戶【PARISIS】於2016-05-13 出貨金額 $150,864 (SA1050513002)，其繳費期限將於14日後到期，請注意催款時效。
#15: 【逾期款監控系統】致業務員：陳治儒 - 客戶【MOCO COSMETIC PACKAG】於上週產生逾期款項 $399,076 (SA1051020001) 仍未付款。請注意！
#16: 【逾期款監控系統】致業務員：陳治儒 - 客戶【美科實業有】於上週產生逾期款項 $110,957 (SA1050920003) 仍未付款。請注意！
#17: 【逾期款監控系統】致業務員：陳治儒 - 客戶【SWISS】於上週產生逾期款項 $939,716 (SA1050706002) 仍未付款。請注意！
#18: 【逾期款監控系統】致業務員：陳治儒 - 客戶【美科實業有】於上週產生逾期款項 $111,513 (SA1050924001) 仍未付款。請注意！
#19: 【逾期款監控系統】致業務員：陳治儒 - 客戶【SWISS】於2016-07-14 出貨金額 $1,994,008 (SA1050714002)，其繳費期限將於6日後到期，請注意催款時效。
#20: 【逾期款監控系統】致業務員：李宛儒 - 客戶【Freedom】於上週產生逾期款項 $789,543 (SA1051025001) 仍未付款。請注意！
#21: 【逾期款監控系統】致業務員：劉得臣 - 客戶【NEW GOLD P】於上週產生逾期款項 $483,607 (SA1050427003) 仍未付款。請注意！

Scheduled mobile broadcasting completed at: Wed Oct 26 2016 16:13:11 GMT+0800 (CST)
-----------------------------------------------------------------------------------------------
-----------------------------------------------------------------------------------------------
Scheduled pending payment reminder broadcasting started at: Mon Oct 31 2016 08:50:01 GMT+0800 (CST)
28 record(s) found

#1: 【逾期款監控系統】致業務員：廖珈慧 - 客戶【COTY】於上週產生逾期款項 $276,852 (SA1050627002) 仍未付款。請注意！
#2: 【逾期款監控系統】致業務員：廖珈慧 - 客戶【ABA】於2016-09-02 出貨金額 $478,276 (SA1050902002)，其繳費期限將於1日後到期，請注意催款時效。
#3: 【逾期款監控系統】致業務員：廖珈慧 - 客戶【COTY】於2016-07-05 出貨金額 $1,404,858 (SA1050705002)，其繳費期限將於2日後到期，請注意催款時效。
#4: 【逾期款監控系統】致業務員：廖珈慧 - 客戶【Jackel】於2016-09-06 出貨金額 $434,573 (SA1050906001)，其繳費期限將於5日後到期，請注意催款時效。
#5: 【逾期款監控系統】致業務員：廖珈慧 - 客戶【Jackel】於2016-09-13 出貨金額 $915,149 (SA1050913002)，其繳費期限將於12日後到期，請注意催款時效。
#6: 【逾期款監控系統】致業務員：郭芳伊 - 客戶【ETS DUBREU】於上週產生逾期款項 $67,719 (SA1050827001) 仍未付款。請注意！
#7: 【逾期款監控系統】致業務員：郭芳伊 - 客戶【BARALAN】於上週產生逾期款項 $687,141 (SA1050913004) 仍未付款。請注意！
#8: 【逾期款監控系統】致業務員：郭芳伊 - 客戶【SODIP】於上週產生逾期款項 $850,580 (SA1050913005) 仍未付款。請注意！
#9: 【逾期款監控系統】致業務員：郭芳伊 - 客戶【DINA】於2016-08-15 出貨金額 $1,105,185 (SA1050815002)，其繳費期限將於13日後到期，請注意催款時效。
#10: 【逾期款監控系統】致業務員：郭芳伊 - 客戶【UDV】於2016-08-31 出貨金額 $969,021 (SA1050831002)，其繳費期限將於14日後到期，請注意催款時效。
#11: 【逾期款監控系統】致業務員：林綺緁 - 客戶【Les Verrer】於上週產生逾期款項 $1,495,528 (SA1050825001) 仍未付款。請注意！
#12: 【逾期款監控系統】致業務員：林綺緁 - 客戶【PARISIS】於上週產生逾期款項 $1,630,337 (SA1050428005) 仍未付款。請注意！
#13: 【逾期款監控系統】致業務員：林綺緁 - 客戶【CORANIA】於上週產生逾期款項 $1,063,460 (SA1050630005) 仍未付款。請注意！
#14: 【逾期款監控系統】致業務員：林綺緁 - 客戶【Novapack I】於上週產生逾期款項 $1,291,168 (SA1050830004) 仍未付款。請注意！
#15: 【逾期款監控系統】致業務員：林綺緁 - 客戶【Novapack I】於上週產生逾期款項 $422,269 (SA1050831003) 仍未付款。請注意！
#16: 【逾期款監控系統】致業務員：林綺緁 - 客戶【PARISIS】於2016-05-13 出貨金額 $150,864 (SA1050513002)，其繳費期限將於9日後到期，請注意催款時效。
#17: 【逾期款監控系統】致業務員：林綺緁 - 客戶【Novapack I】於2016-09-12 出貨金額 $370,570 (SA1050912001)，其繳費期限將於11日後到期，請注意催款時效。
#18: 【逾期款監控系統】致業務員：陳治儒 - 客戶【SWISS】於上週產生逾期款項 $939,716 (SA1050706002) 仍未付款。請注意！
#19: 【逾期款監控系統】致業務員：陳治儒 - 客戶【美科實業有】於上週產生逾期款項 $111,513 (SA1050924001) 仍未付款。請注意！
#20: 【逾期款監控系統】致業務員：陳治儒 - 客戶【SWISS】於2016-07-14 出貨金額 $1,994,008 (SA1050714002)，其繳費期限將於1日後到期，請注意催款時效。
#21: 【逾期款監控系統】致業務員：陳治儒 - 客戶【AAC】於2016-10-13 出貨金額 $378,665 (SA1051013002)，其繳費期限將於12日後到期，請注意催款時效。
#22: 【逾期款監控系統】致業務員：陳治儒 - 客戶【BSM (Albat】於2016-10-13 出貨金額 $1,052,216 (SA1051013004)，其繳費期限將於12日後到期，請注意催款時效。
#23: 【逾期款監控系統】致業務員：李宛儒 - 客戶【A.C.S】於上週產生逾期款項 $547,999 (SA1051025003) 仍未付款。請注意！
#24: 【逾期款監控系統】致業務員：李宛儒 - 客戶【Freedom】於上週產生逾期款項 $789,543 (SA1051025001) 仍未付款。請注意！
#25: 【逾期款監控系統】致業務員：李宛儒 - 客戶【ROMA】於上週產生逾期款項 $546,537 (SA1051026001) 仍未付款。請注意！
#26: 【逾期款監控系統】致業務員：劉得臣 - 客戶【LILIAN TERRY INTERNA】於上週產生逾期款項 $154,906 (SA1051024003) 仍未付款。請注意！
#27: 【逾期款監控系統】致業務員：劉得臣 - 客戶【NEW GOLD P】於上週產生逾期款項 $483,607 (SA1050427003) 仍未付款。請注意！
#28: 【逾期款監控系統】致業務員：劉得臣 - 客戶【WOUROUD】於2016-07-13 出貨金額 $1,677,794 (SA1050713004)，其繳費期限將於10日後到期，請注意催款時效。

Scheduled mobile broadcasting completed at: Mon Oct 31 2016 08:50:01 GMT+0800 (CST)
-----------------------------------------------------------------------------------------------
