{"level":"info","message":"overdueMonitor server in operation... (http://127.0.0.1:9003)","timestamp":"2016-12-31 16:03:17"}
{"level":"info","message":"overdueMonitor database access function triggered","timestamp":"2016-12-31 16:03:18"}
{"level":"info","message":"query: SELECT * FROM overdueMonitor.dbo.overview;","timestamp":"2016-12-31 16:03:18"}
{"level":"info","message":"overdueMonitor database access function triggered","timestamp":"2016-12-31 16:03:18"}
{"level":"info","message":"query: SELECT * FROM overdueMonitor.dbo.annualReportSummary ORDER BY YEAR ASC;","timestamp":"2016-12-31 16:03:18"}
{"level":"info","message":"overdueMonitor database access function triggered","timestamp":"2016-12-31 16:03:18"}
{"level":"info","message":"query: SELECT * FROM overdueMonitor.dbo.warning_OneWeek ORDER BY G_PERIOD_REMAIN ASC;","timestamp":"2016-12-31 16:03:18"}
{"level":"info","message":"overdueMonitor database access function triggered","timestamp":"2016-12-31 16:03:18"}
{"level":"info","message":"query: SELECT * FROM overdueMonitor.dbo.warning_TwoWeek ORDER BY G_PERIOD_REMAIN ASC;","timestamp":"2016-12-31 16:03:18"}
{"level":"info","message":"overdueMonitor database access function triggered","timestamp":"2016-12-31 16:03:18"}
{"level":"info","message":"query: SELECT * FROM overdueMonitor.dbo.warning_NewOverdue ORDER BY PS_DD ASC;","timestamp":"2016-12-31 16:03:18"}
{"level":"info","message":"overdueMonitor database access function triggered","timestamp":"2016-12-31 16:03:18"}
{"level":"info","message":"query: SELECT * FROM overdueMonitor.dbo.warning_PastWeekOverdue ORDER BY G_PERIOD_REMAIN ASC;","timestamp":"2016-12-31 16:03:18"}
{"level":"info","message":"overdueMonitor database access completed","timestamp":"2016-12-31 16:03:19"}
{"level":"info","message":"overdueMonitor database access completed","timestamp":"2016-12-31 16:03:19"}
{"level":"info","message":"overdueMonitor database access completed","timestamp":"2016-12-31 16:03:19"}
{"level":"info","message":"overdueMonitor database access function triggered","timestamp":"2016-12-31 16:03:19"}
{"level":"info","message":"query: SELECT * FROM overdueMonitor.dbo.warning_ProlongedOverdue ORDER BY DATEDIFF(day,DUE_DATE,GETDATE()) ASC;","timestamp":"2016-12-31 16:03:19"}
{"level":"info","message":"overdueMonitor database access completed","timestamp":"2016-12-31 16:03:19"}
{"level":"info","message":"overdueMonitor database access completed","timestamp":"2016-12-31 16:03:19"}
{"level":"info","message":"overdueMonitor database access completed","timestamp":"2016-12-31 16:03:19"}
{"level":"info","message":"overdueMonitor database access completed","timestamp":"2016-12-31 16:03:19"}
{"level":"info","message":"overdueMonitor database access function triggered","timestamp":"2016-12-31 16:08:02"}
{"level":"info","message":"query: SELECT * FROM overdueMonitor.dbo.overview;","timestamp":"2016-12-31 16:08:02"}
{"level":"info","message":"overdueMonitor database access function triggered","timestamp":"2016-12-31 16:08:02"}
{"level":"info","message":"query: SELECT * FROM overdueMonitor.dbo.annualReportSummary ORDER BY YEAR ASC;","timestamp":"2016-12-31 16:08:02"}
{"level":"info","message":"overdueMonitor database access function triggered","timestamp":"2016-12-31 16:08:02"}
{"level":"info","message":"query: SELECT * FROM overdueMonitor.dbo.warning_OneWeek ORDER BY G_PERIOD_REMAIN ASC;","timestamp":"2016-12-31 16:08:02"}
{"level":"info","message":"overdueMonitor database access function triggered","timestamp":"2016-12-31 16:08:02"}
{"level":"info","message":"query: SELECT * FROM overdueMonitor.dbo.warning_TwoWeek ORDER BY G_PERIOD_REMAIN ASC;","timestamp":"2016-12-31 16:08:02"}
{"level":"info","message":"overdueMonitor database access function triggered","timestamp":"2016-12-31 16:08:02"}
{"level":"info","message":"query: SELECT * FROM overdueMonitor.dbo.warning_NewOverdue ORDER BY PS_DD ASC;","timestamp":"2016-12-31 16:08:02"}
{"level":"info","message":"overdueMonitor database access function triggered","timestamp":"2016-12-31 16:08:02"}
{"level":"info","message":"query: SELECT * FROM overdueMonitor.dbo.warning_PastWeekOverdue ORDER BY G_PERIOD_REMAIN ASC;","timestamp":"2016-12-31 16:08:02"}
{"level":"info","message":"overdueMonitor database access completed","timestamp":"2016-12-31 16:08:02"}
{"level":"info","message":"overdueMonitor database access function triggered","timestamp":"2016-12-31 16:08:02"}
{"level":"info","message":"query: SELECT * FROM overdueMonitor.dbo.warning_ProlongedOverdue ORDER BY DATEDIFF(day,DUE_DATE,GETDATE()) ASC;","timestamp":"2016-12-31 16:08:02"}
{"level":"info","message":"overdueMonitor database access completed","timestamp":"2016-12-31 16:08:02"}
{"level":"info","message":"overdueMonitor database access completed","timestamp":"2016-12-31 16:08:02"}
{"level":"info","message":"overdueMonitor database access completed","timestamp":"2016-12-31 16:08:02"}
{"level":"info","message":"overdueMonitor database access completed","timestamp":"2016-12-31 16:08:03"}
{"level":"info","message":"overdueMonitor database access completed","timestamp":"2016-12-31 16:08:03"}
{"level":"info","message":"overdueMonitor database access completed","timestamp":"2016-12-31 16:08:03"}
{"level":"info","message":"overdueMonitor database access function triggered","timestamp":"2016-12-31 16:20:47"}
{"level":"info","message":"query: SELECT * FROM overdueMonitor.dbo.overview;","timestamp":"2016-12-31 16:20:47"}
{"level":"info","message":"overdueMonitor database access function triggered","timestamp":"2016-12-31 16:20:47"}
{"level":"info","message":"query: SELECT * FROM overdueMonitor.dbo.annualReportSummary ORDER BY YEAR ASC;","timestamp":"2016-12-31 16:20:47"}
{"level":"info","message":"overdueMonitor database access function triggered","timestamp":"2016-12-31 16:20:47"}
{"level":"info","message":"query: SELECT * FROM overdueMonitor.dbo.warning_OneWeek ORDER BY G_PERIOD_REMAIN ASC;","timestamp":"2016-12-31 16:20:47"}
{"level":"info","message":"overdueMonitor database access function triggered","timestamp":"2016-12-31 16:20:47"}
{"level":"info","message":"query: SELECT * FROM overdueMonitor.dbo.warning_TwoWeek ORDER BY G_PERIOD_REMAIN ASC;","timestamp":"2016-12-31 16:20:47"}
{"level":"info","message":"overdueMonitor database access function triggered","timestamp":"2016-12-31 16:20:47"}
{"level":"info","message":"query: SELECT * FROM overdueMonitor.dbo.warning_NewOverdue ORDER BY PS_DD ASC;","timestamp":"2016-12-31 16:20:47"}
{"level":"info","message":"overdueMonitor database access function triggered","timestamp":"2016-12-31 16:20:47"}
{"level":"info","message":"query: SELECT * FROM overdueMonitor.dbo.warning_PastWeekOverdue ORDER BY G_PERIOD_REMAIN ASC;","timestamp":"2016-12-31 16:20:47"}
{"level":"info","message":"overdueMonitor database access completed","timestamp":"2016-12-31 16:20:47"}
{"level":"info","message":"overdueMonitor database access completed","timestamp":"2016-12-31 16:20:47"}
{"level":"info","message":"overdueMonitor database access function triggered","timestamp":"2016-12-31 16:20:47"}
{"level":"info","message":"query: SELECT * FROM overdueMonitor.dbo.warning_ProlongedOverdue ORDER BY DATEDIFF(day,DUE_DATE,GETDATE()) ASC;","timestamp":"2016-12-31 16:20:47"}
{"level":"info","message":"overdueMonitor database access completed","timestamp":"2016-12-31 16:20:47"}
{"level":"info","message":"overdueMonitor database access completed","timestamp":"2016-12-31 16:20:47"}
{"level":"info","message":"overdueMonitor database access completed","timestamp":"2016-12-31 16:20:47"}
{"level":"info","message":"overdueMonitor database access completed","timestamp":"2016-12-31 16:20:48"}
{"level":"info","message":"overdueMonitor database access completed","timestamp":"2016-12-31 16:20:48"}
{"level":"info","message":"overdueMonitor reporting mechanism triggered","timestamp":"2016-12-31 16:30:00"}
{"level":"verbose","message":"2016-12-31 16:30:00 overdueMonitor server reporting in","timestamp":"2016-12-31 16:30:03"}
{"level":"info","message":"overdueMonitor reporting mechanism completed","timestamp":"2016-12-31 16:30:03"}
{"level":"info","message":"overdueMonitor server in operation... (http://127.0.0.1:9003)","timestamp":"2016-12-31 16:32:39"}
{"level":"info","message":"overdueMonitor server in operation... (http://127.0.0.1:9003)","timestamp":"2016-12-31 16:36:18"}
{"level":"info","message":"overdueMonitor database access function triggered","timestamp":"2016-12-31 16:36:19"}
{"level":"info","message":"query: SELECT * FROM overdueMonitor.dbo.overview;","timestamp":"2016-12-31 16:36:19"}
{"level":"info","message":"overdueMonitor database access function triggered","timestamp":"2016-12-31 16:36:19"}
{"level":"info","message":"query: SELECT * FROM overdueMonitor.dbo.annualReportSummary ORDER BY YEAR ASC;","timestamp":"2016-12-31 16:36:19"}
{"level":"info","message":"overdueMonitor database access function triggered","timestamp":"2016-12-31 16:36:19"}
{"level":"info","message":"query: SELECT * FROM overdueMonitor.dbo.warning_OneWeek ORDER BY G_PERIOD_REMAIN ASC;","timestamp":"2016-12-31 16:36:19"}
{"level":"info","message":"overdueMonitor database access function triggered","timestamp":"2016-12-31 16:36:19"}
{"level":"info","message":"query: SELECT * FROM overdueMonitor.dbo.warning_TwoWeek ORDER BY G_PERIOD_REMAIN ASC;","timestamp":"2016-12-31 16:36:19"}
{"level":"info","message":"overdueMonitor database access function triggered","timestamp":"2016-12-31 16:36:19"}
{"level":"info","message":"query: SELECT * FROM overdueMonitor.dbo.warning_NewOverdue ORDER BY PS_DD ASC;","timestamp":"2016-12-31 16:36:19"}
{"level":"info","message":"overdueMonitor database access function triggered","timestamp":"2016-12-31 16:36:19"}
{"level":"info","message":"query: SELECT * FROM overdueMonitor.dbo.warning_PastWeekOverdue ORDER BY G_PERIOD_REMAIN ASC;","timestamp":"2016-12-31 16:36:19"}
{"level":"info","message":"overdueMonitor database access completed","timestamp":"2016-12-31 16:36:19"}
{"level":"info","message":"overdueMonitor database access function triggered","timestamp":"2016-12-31 16:36:19"}
{"level":"info","message":"query: SELECT * FROM overdueMonitor.dbo.warning_ProlongedOverdue ORDER BY DATEDIFF(day,DUE_DATE,GETDATE()) ASC;","timestamp":"2016-12-31 16:36:19"}
{"level":"info","message":"overdueMonitor database access completed","timestamp":"2016-12-31 16:36:19"}
{"level":"info","message":"overdueMonitor database access completed","timestamp":"2016-12-31 16:36:20"}
{"level":"info","message":"overdueMonitor database access completed","timestamp":"2016-12-31 16:36:20"}
{"level":"info","message":"overdueMonitor database access completed","timestamp":"2016-12-31 16:36:20"}
{"level":"info","message":"overdueMonitor database access completed","timestamp":"2016-12-31 16:36:20"}
{"level":"info","message":"overdueMonitor database access completed","timestamp":"2016-12-31 16:36:20"}
{"level":"info","message":"overdueMonitor server in operation... (http://127.0.0.1:9003)","timestamp":"2016-12-31 16:38:35"}
{"level":"info","message":"overdueMonitor reporting mechanism triggered","timestamp":"2016-12-31 17:00:00"}
{"level":"verbose","message":"2016-12-31 17:00:00 overdueMonitor server reporting in","timestamp":"2016-12-31 17:00:01"}
{"level":"info","message":"overdueMonitor reporting mechanism completed","timestamp":"2016-12-31 17:00:01"}
{"level":"info","message":"overdueMonitor reporting mechanism triggered","timestamp":"2016-12-31 17:30:00"}
{"level":"verbose","message":"2016-12-31 17:30:00 overdueMonitor server reporting in","timestamp":"2016-12-31 17:30:03"}
{"level":"info","message":"overdueMonitor reporting mechanism completed","timestamp":"2016-12-31 17:30:03"}
{"level":"info","message":"proceeding with scheduled [擷取金流狀況數據]","timestamp":"2016-12-31 18:00:00"}
{"level":"info","message":"overdueMonitor database access function triggered","timestamp":"2016-12-31 18:00:00"}
{"level":"info","message":"query: SELECT * FROM overdueMonitor.dbo.overview;","timestamp":"2016-12-31 18:00:00"}
{"level":"info","message":"overdueMonitor reporting mechanism triggered","timestamp":"2016-12-31 18:00:00"}
{"level":"info","message":"overdueMonitor database access completed","timestamp":"2016-12-31 18:00:00"}
{"level":"info","message":"overdueMonitor database access function triggered","timestamp":"2016-12-31 18:00:00"}
{"level":"info","message":"query: INSERT INTO overdueMonitor.dbo.cashFlowSnapshot VALUES('2016-12-31',99603292,108705031,34772005,'2016-12-31 18:00:00');","timestamp":"2016-12-31 18:00:00"}
{"level":"info","message":"overdueMonitor database access completed","timestamp":"2016-12-31 18:00:00"}
{"level":"info","message":"captureCashFlowSnapshot completed successfully...","timestamp":"2016-12-31 18:00:00"}
{"level":"verbose","message":"2016-12-31 18:00:00 overdueMonitor server reporting in","timestamp":"2016-12-31 18:00:01"}
{"level":"info","message":"overdueMonitor reporting mechanism completed","timestamp":"2016-12-31 18:00:01"}
{"level":"info","message":"message sent to 蔡佳佑","timestamp":"2016-12-31 18:00:02"}
{"level":"info","message":"overdueMonitor reporting mechanism triggered","timestamp":"2016-12-31 18:30:00"}
{"level":"verbose","message":"2016-12-31 18:30:00 overdueMonitor server reporting in","timestamp":"2016-12-31 18:30:02"}
{"level":"info","message":"overdueMonitor reporting mechanism completed","timestamp":"2016-12-31 18:30:02"}
{"level":"info","message":"overdueMonitor reporting mechanism triggered","timestamp":"2016-12-31 19:00:00"}
{"level":"verbose","message":"2016-12-31 19:00:00 overdueMonitor server reporting in","timestamp":"2016-12-31 19:00:02"}
{"level":"info","message":"overdueMonitor reporting mechanism completed","timestamp":"2016-12-31 19:00:02"}
{"level":"info","message":"overdueMonitor reporting mechanism triggered","timestamp":"2016-12-31 19:30:00"}
{"level":"verbose","message":"2016-12-31 19:30:00 overdueMonitor server reporting in","timestamp":"2016-12-31 19:30:02"}
{"level":"info","message":"overdueMonitor reporting mechanism completed","timestamp":"2016-12-31 19:30:02"}
{"level":"info","message":"overdueMonitor reporting mechanism triggered","timestamp":"2016-12-31 20:00:00"}
{"level":"verbose","message":"2016-12-31 20:00:00 overdueMonitor server reporting in","timestamp":"2016-12-31 20:00:02"}
{"level":"info","message":"overdueMonitor reporting mechanism completed","timestamp":"2016-12-31 20:00:02"}
{"level":"info","message":"overdueMonitor reporting mechanism triggered","timestamp":"2016-12-31 20:30:00"}
{"level":"verbose","message":"2016-12-31 20:30:00 overdueMonitor server reporting in","timestamp":"2016-12-31 20:30:02"}
{"level":"info","message":"overdueMonitor reporting mechanism completed","timestamp":"2016-12-31 20:30:02"}
{"level":"info","message":"overdueMonitor reporting mechanism triggered","timestamp":"2016-12-31 21:00:00"}
{"level":"verbose","message":"2016-12-31 21:00:00 overdueMonitor server reporting in","timestamp":"2016-12-31 21:00:03"}
{"level":"info","message":"overdueMonitor reporting mechanism completed","timestamp":"2016-12-31 21:00:03"}
{"level":"info","message":"overdueMonitor reporting mechanism triggered","timestamp":"2016-12-31 21:30:00"}
{"level":"verbose","message":"2016-12-31 21:30:00 overdueMonitor server reporting in","timestamp":"2016-12-31 21:30:02"}
{"level":"info","message":"overdueMonitor reporting mechanism completed","timestamp":"2016-12-31 21:30:02"}
{"level":"info","message":"overdueMonitor reporting mechanism triggered","timestamp":"2016-12-31 22:00:00"}
{"level":"verbose","message":"2016-12-31 22:00:00 overdueMonitor server reporting in","timestamp":"2016-12-31 22:00:03"}
{"level":"info","message":"overdueMonitor reporting mechanism completed","timestamp":"2016-12-31 22:00:03"}
{"level":"info","message":"overdueMonitor reporting mechanism triggered","timestamp":"2016-12-31 22:30:00"}
{"level":"verbose","message":"2016-12-31 22:30:00 overdueMonitor server reporting in","timestamp":"2016-12-31 22:30:03"}
{"level":"info","message":"overdueMonitor reporting mechanism completed","timestamp":"2016-12-31 22:30:03"}
{"level":"info","message":"overdueMonitor reporting mechanism triggered","timestamp":"2016-12-31 23:00:00"}
{"level":"verbose","message":"2016-12-31 23:00:00 overdueMonitor server reporting in","timestamp":"2016-12-31 23:00:03"}
{"level":"info","message":"overdueMonitor reporting mechanism completed","timestamp":"2016-12-31 23:00:03"}
{"level":"info","message":"overdueMonitor reporting mechanism triggered","timestamp":"2016-12-31 23:30:00"}
{"level":"verbose","message":"2016-12-31 23:30:00 overdueMonitor server reporting in","timestamp":"2016-12-31 23:30:02"}
{"level":"info","message":"overdueMonitor reporting mechanism completed","timestamp":"2016-12-31 23:30:02"}
{"level":"info","message":"overdueMonitor reporting mechanism triggered","timestamp":"2017-01-01 00:00:00"}
{"level":"verbose","message":"2017-01-01 00:00:00 overdueMonitor server reporting in","timestamp":"2017-01-01 00:00:02"}
{"level":"info","message":"overdueMonitor reporting mechanism completed","timestamp":"2017-01-01 00:00:02"}
{"level":"info","message":"overdueMonitor reporting mechanism triggered","timestamp":"2017-01-01 00:30:00"}
{"level":"verbose","message":"2017-01-01 00:30:00 overdueMonitor server reporting in","timestamp":"2017-01-01 00:30:02"}
{"level":"info","message":"overdueMonitor reporting mechanism completed","timestamp":"2017-01-01 00:30:02"}
{"level":"info","message":"overdueMonitor reporting mechanism triggered","timestamp":"2017-01-01 01:00:00"}
{"level":"verbose","message":"2017-01-01 01:00:00 overdueMonitor server reporting in","timestamp":"2017-01-01 01:00:02"}
{"level":"info","message":"overdueMonitor reporting mechanism completed","timestamp":"2017-01-01 01:00:02"}
{"level":"info","message":"overdueMonitor reporting mechanism triggered","timestamp":"2017-01-01 01:30:00"}
{"level":"verbose","message":"2017-01-01 01:30:00 overdueMonitor server reporting in","timestamp":"2017-01-01 01:30:02"}
{"level":"info","message":"overdueMonitor reporting mechanism completed","timestamp":"2017-01-01 01:30:02"}
{"level":"info","message":"overdueMonitor reporting mechanism triggered","timestamp":"2017-01-01 05:00:00"}
{"level":"verbose","message":"2017-01-01 05:00:00 overdueMonitor server reporting in","timestamp":"2017-01-01 05:00:02"}
{"level":"info","message":"overdueMonitor reporting mechanism completed","timestamp":"2017-01-01 05:00:02"}
{"level":"info","message":"overdueMonitor reporting mechanism triggered","timestamp":"2017-01-01 05:30:00"}
{"level":"verbose","message":"2017-01-01 05:30:00 overdueMonitor server reporting in","timestamp":"2017-01-01 05:30:02"}
{"level":"info","message":"overdueMonitor reporting mechanism completed","timestamp":"2017-01-01 05:30:02"}
{"level":"info","message":"overdueMonitor reporting mechanism triggered","timestamp":"2017-01-01 06:00:00"}
{"level":"verbose","message":"2017-01-01 06:00:00 overdueMonitor server reporting in","timestamp":"2017-01-01 06:00:02"}
{"level":"info","message":"overdueMonitor reporting mechanism completed","timestamp":"2017-01-01 06:00:02"}
{"level":"info","message":"overdueMonitor reporting mechanism triggered","timestamp":"2017-01-01 06:30:00"}
{"level":"verbose","message":"2017-01-01 06:30:00 overdueMonitor server reporting in","timestamp":"2017-01-01 06:30:02"}
{"level":"info","message":"overdueMonitor reporting mechanism completed","timestamp":"2017-01-01 06:30:02"}
{"level":"info","message":"overdueMonitor reporting mechanism triggered","timestamp":"2017-01-01 07:00:00"}
{"level":"verbose","message":"2017-01-01 07:00:00 overdueMonitor server reporting in","timestamp":"2017-01-01 07:00:02"}
{"level":"info","message":"overdueMonitor reporting mechanism completed","timestamp":"2017-01-01 07:00:02"}
{"level":"info","message":"overdueMonitor reporting mechanism triggered","timestamp":"2017-01-01 07:30:00"}
{"level":"verbose","message":"2017-01-01 07:30:00 overdueMonitor server reporting in","timestamp":"2017-01-01 07:30:02"}
{"level":"info","message":"overdueMonitor reporting mechanism completed","timestamp":"2017-01-01 07:30:02"}
{"level":"info","message":"overdueMonitor reporting mechanism triggered","timestamp":"2017-01-01 08:00:00"}
{"level":"verbose","message":"2017-01-01 08:00:00 overdueMonitor server reporting in","timestamp":"2017-01-01 08:00:02"}
{"level":"info","message":"overdueMonitor reporting mechanism completed","timestamp":"2017-01-01 08:00:02"}
{"level":"info","message":"overdueMonitor reporting mechanism triggered","timestamp":"2017-01-01 08:30:00"}
{"level":"verbose","message":"2017-01-01 08:30:00 overdueMonitor server reporting in","timestamp":"2017-01-01 08:30:02"}
{"level":"info","message":"overdueMonitor reporting mechanism completed","timestamp":"2017-01-01 08:30:02"}
{"level":"info","message":"overdueMonitor server in operation... (http://127.0.0.1:9003)","timestamp":"2017-01-01 08:54:30"}
{"level":"info","message":"overdueMonitor reporting mechanism triggered","timestamp":"2017-01-01 09:00:00"}
{"level":"info","message":"【新增逾期項目款監控作業】 cronjob triggered","timestamp":"2017-01-01 09:00:00"}
{"level":"info","message":"proceeding with scheduled [【新增逾期項目款監控作業】]","timestamp":"2017-01-01 09:00:00"}
{"level":"info","message":"overdueMonitor database access function triggered","timestamp":"2017-01-01 09:00:00"}
{"level":"info","message":"query: SELECT * FROM overdueMonitor.dbo.warning_NewOverdue ORDER BY PS_DD ASC;","timestamp":"2017-01-01 09:00:00"}
{"level":"info","message":"overdueMonitor database access completed","timestamp":"2017-01-01 09:00:01"}
{"level":"info","message":"1 record(s) to process","timestamp":"2017-01-01 09:00:01"}
{"level":"info","message":"individual message for ${telegramUser.getUserName(broadcastTargetID)} had been sent to the broadcast server","timestamp":"2017-01-01 09:00:01"}
{"level":"info","message":"group message sent to broadcast server","timestamp":"2017-01-01 09:00:01"}
{"level":"info","message":"【新增逾期項目款監控作業】 broadcasting cronjob completed","timestamp":"2017-01-01 09:00:01"}
{"level":"info","message":"individual message for ${telegramUser.getUserName(broadcastTargetID)} had been sent to the broadcast server","timestamp":"2017-01-01 09:00:01"}
{"level":"info","message":"group message sent to broadcast server","timestamp":"2017-01-01 09:00:01"}
{"level":"info","message":"【新增逾期項目款監控作業】 broadcasting cronjob completed","timestamp":"2017-01-01 09:00:01"}
{"level":"verbose","message":"2017-01-01 09:00:00 overdueMonitor server reporting in","timestamp":"2017-01-01 09:00:02"}
{"level":"info","message":"overdueMonitor reporting mechanism completed","timestamp":"2017-01-01 09:00:02"}
{"level":"info","message":"【近期逾期項目監控作業】 cronjob triggered","timestamp":"2017-01-01 09:00:30"}
{"level":"info","message":"proceeding with scheduled [【近期逾期項目監控作業】]","timestamp":"2017-01-01 09:00:30"}
{"level":"info","message":"overdueMonitor database access function triggered","timestamp":"2017-01-01 09:00:30"}
{"level":"info","message":"query: SELECT * FROM overdueMonitor.dbo.warning_PastWeekOverdue ORDER BY G_PERIOD_REMAIN ASC;","timestamp":"2017-01-01 09:00:30"}
{"level":"info","message":"overdueMonitor database access completed","timestamp":"2017-01-01 09:00:30"}
{"level":"info","message":"16 record(s) to process","timestamp":"2017-01-01 09:00:30"}
{"level":"info","message":"individual message for ${telegramUser.getUserName(broadcastTargetID)} had been sent to the broadcast server","timestamp":"2017-01-01 09:00:30"}
{"level":"info","message":"individual message for ${telegramUser.getUserName(broadcastTargetID)} had been sent to the broadcast server","timestamp":"2017-01-01 09:00:30"}
{"level":"info","message":"individual message for ${telegramUser.getUserName(broadcastTargetID)} had been sent to the broadcast server","timestamp":"2017-01-01 09:00:30"}
{"level":"info","message":"individual message for ${telegramUser.getUserName(broadcastTargetID)} had been sent to the broadcast server","timestamp":"2017-01-01 09:00:30"}
{"level":"info","message":"individual message for ${telegramUser.getUserName(broadcastTargetID)} had been sent to the broadcast server","timestamp":"2017-01-01 09:00:30"}
{"level":"info","message":"individual message for ${telegramUser.getUserName(broadcastTargetID)} had been sent to the broadcast server","timestamp":"2017-01-01 09:00:30"}
{"level":"info","message":"individual message for ${telegramUser.getUserName(broadcastTargetID)} had been sent to the broadcast server","timestamp":"2017-01-01 09:00:30"}
{"level":"info","message":"individual message for ${telegramUser.getUserName(broadcastTargetID)} had been sent to the broadcast server","timestamp":"2017-01-01 09:00:30"}
{"level":"info","message":"individual message for ${telegramUser.getUserName(broadcastTargetID)} had been sent to the broadcast server","timestamp":"2017-01-01 09:00:30"}
{"level":"info","message":"individual message for ${telegramUser.getUserName(broadcastTargetID)} had been sent to the broadcast server","timestamp":"2017-01-01 09:00:30"}
{"level":"info","message":"individual message for ${telegramUser.getUserName(broadcastTargetID)} had been sent to the broadcast server","timestamp":"2017-01-01 09:00:30"}
{"level":"info","message":"individual message for ${telegramUser.getUserName(broadcastTargetID)} had been sent to the broadcast server","timestamp":"2017-01-01 09:00:30"}
{"level":"info","message":"group message sent to broadcast server","timestamp":"2017-01-01 09:00:30"}
{"level":"info","message":"【近期逾期項目監控作業】 broadcasting cronjob completed","timestamp":"2017-01-01 09:00:30"}
{"level":"info","message":"group message sent to broadcast server","timestamp":"2017-01-01 09:00:30"}
{"level":"info","message":"【近期逾期項目監控作業】 broadcasting cronjob completed","timestamp":"2017-01-01 09:00:30"}
{"level":"info","message":"【本週即將逾期項目監控作業】 cronjob triggered","timestamp":"2017-01-01 09:01:00"}
{"level":"info","message":"proceeding with scheduled [【本週即將逾期項目監控作業】]","timestamp":"2017-01-01 09:01:00"}
{"level":"info","message":"overdueMonitor database access function triggered","timestamp":"2017-01-01 09:01:00"}
{"level":"info","message":"query: SELECT * FROM overdueMonitor.dbo.warning_OneWeek ORDER BY G_PERIOD_REMAIN ASC;","timestamp":"2017-01-01 09:01:00"}
{"level":"info","message":"overdueMonitor database access completed","timestamp":"2017-01-01 09:01:00"}
{"level":"info","message":"5 record(s) to process","timestamp":"2017-01-01 09:01:00"}
{"level":"info","message":"individual message for ${telegramUser.getUserName(broadcastTargetID)} had been sent to the broadcast server","timestamp":"2017-01-01 09:01:00"}
{"level":"info","message":"individual message for ${telegramUser.getUserName(broadcastTargetID)} had been sent to the broadcast server","timestamp":"2017-01-01 09:01:00"}
{"level":"info","message":"individual message for ${telegramUser.getUserName(broadcastTargetID)} had been sent to the broadcast server","timestamp":"2017-01-01 09:01:00"}
{"level":"info","message":"group message sent to broadcast server","timestamp":"2017-01-01 09:01:00"}
{"level":"info","message":"【本週即將逾期項目監控作業】 broadcasting cronjob completed","timestamp":"2017-01-01 09:01:00"}
{"level":"info","message":"individual message for ${telegramUser.getUserName(broadcastTargetID)} had been sent to the broadcast server","timestamp":"2017-01-01 09:01:00"}
{"level":"info","message":"group message sent to broadcast server","timestamp":"2017-01-01 09:01:00"}
{"level":"info","message":"【本週即將逾期項目監控作業】 broadcasting cronjob completed","timestamp":"2017-01-01 09:01:00"}
{"level":"info","message":"individual message for ${telegramUser.getUserName(broadcastTargetID)} had been sent to the broadcast server","timestamp":"2017-01-01 09:01:00"}
{"level":"info","message":"individual message for ${telegramUser.getUserName(broadcastTargetID)} had been sent to the broadcast server","timestamp":"2017-01-01 09:01:00"}
{"level":"info","message":"【兩週內即將逾期項目監控作業】 cronjob triggered","timestamp":"2017-01-01 09:01:30"}
{"level":"info","message":"proceeding with scheduled [【兩週內即將逾期項目監控作業】]","timestamp":"2017-01-01 09:01:30"}
{"level":"info","message":"overdueMonitor database access function triggered","timestamp":"2017-01-01 09:01:30"}
{"level":"info","message":"query: SELECT * FROM overdueMonitor.dbo.warning_TwoWeek ORDER BY G_PERIOD_REMAIN ASC;","timestamp":"2017-01-01 09:01:30"}
{"level":"info","message":"overdueMonitor database access completed","timestamp":"2017-01-01 09:01:30"}
{"level":"info","message":"7 record(s) to process","timestamp":"2017-01-01 09:01:30"}
{"level":"info","message":"individual message for ${telegramUser.getUserName(broadcastTargetID)} had been sent to the broadcast server","timestamp":"2017-01-01 09:01:30"}
{"level":"info","message":"individual message for ${telegramUser.getUserName(broadcastTargetID)} had been sent to the broadcast server","timestamp":"2017-01-01 09:01:30"}
{"level":"info","message":"individual message for ${telegramUser.getUserName(broadcastTargetID)} had been sent to the broadcast server","timestamp":"2017-01-01 09:01:30"}
{"level":"info","message":"individual message for ${telegramUser.getUserName(broadcastTargetID)} had been sent to the broadcast server","timestamp":"2017-01-01 09:01:30"}
{"level":"info","message":"individual message for ${telegramUser.getUserName(broadcastTargetID)} had been sent to the broadcast server","timestamp":"2017-01-01 09:01:30"}
{"level":"info","message":"group message sent to broadcast server","timestamp":"2017-01-01 09:01:30"}
{"level":"info","message":"【兩週內即將逾期項目監控作業】 broadcasting cronjob completed","timestamp":"2017-01-01 09:01:30"}
{"level":"info","message":"individual message for ${telegramUser.getUserName(broadcastTargetID)} had been sent to the broadcast server","timestamp":"2017-01-01 09:01:30"}
{"level":"info","message":"group message sent to broadcast server","timestamp":"2017-01-01 09:01:30"}
{"level":"info","message":"【兩週內即將逾期項目監控作業】 broadcasting cronjob completed","timestamp":"2017-01-01 09:01:30"}
{"level":"info","message":"individual message for ${telegramUser.getUserName(broadcastTargetID)} had been sent to the broadcast server","timestamp":"2017-01-01 09:01:30"}
{"level":"info","message":"individual message for ${telegramUser.getUserName(broadcastTargetID)} had been sent to the broadcast server","timestamp":"2017-01-01 09:01:30"}
{"level":"info","message":"overdueMonitor database access function triggered","timestamp":"2017-01-01 09:05:00"}
{"level":"info","message":"query: SELECT * FROM overdueMonitor.dbo.activeSalesStaffDetail;","timestamp":"2017-01-01 09:05:00"}
{"level":"info","message":"overdueMonitor database access completed","timestamp":"2017-01-01 09:05:00"}
{"level":"info","message":"custom page notification sent to 廖珈慧","timestamp":"2017-01-01 09:05:00"}
{"level":"info","message":"custom page notification sent to 郭芳伊","timestamp":"2017-01-01 09:05:00"}
{"level":"info","message":"custom page notification sent to 趙婉伶","timestamp":"2017-01-01 09:05:00"}
{"level":"info","message":"custom page notification sent to 黃顯鈞","timestamp":"2017-01-01 09:05:00"}
{"level":"info","message":"custom page notification sent to 林綺緁","timestamp":"2017-01-01 09:05:00"}
{"level":"info","message":"custom page notification sent to 陳治儒","timestamp":"2017-01-01 09:05:00"}
{"level":"info","message":"custom page notification sent to 李宛儒","timestamp":"2017-01-01 09:05:00"}
{"level":"info","message":"custom page notification sent to 劉得臣","timestamp":"2017-01-01 09:05:00"}
{"level":"info","message":"overdueMonitor server in operation... (http://127.0.0.1:9003)","timestamp":"2017-01-01 09:07:11"}
{"level":"info","message":"overdueMonitor reporting mechanism triggered","timestamp":"2017-01-01 09:30:00"}
{"level":"verbose","message":"2017-01-01 09:30:00 overdueMonitor server reporting in","timestamp":"2017-01-01 09:30:02"}
{"level":"info","message":"overdueMonitor reporting mechanism completed","timestamp":"2017-01-01 09:30:02"}
{"level":"info","message":"overdueMonitor reporting mechanism triggered","timestamp":"2017-01-01 10:00:00"}
{"level":"verbose","message":"2017-01-01 10:00:00 overdueMonitor server reporting in","timestamp":"2017-01-01 10:00:02"}
{"level":"info","message":"overdueMonitor reporting mechanism completed","timestamp":"2017-01-01 10:00:02"}
{"level":"info","message":"overdueMonitor reporting mechanism triggered","timestamp":"2017-01-01 10:30:00"}
{"level":"verbose","message":"2017-01-01 10:30:00 overdueMonitor server reporting in","timestamp":"2017-01-01 10:30:02"}
{"level":"info","message":"overdueMonitor reporting mechanism completed","timestamp":"2017-01-01 10:30:02"}
{"level":"info","message":"overdueMonitor reporting mechanism triggered","timestamp":"2017-01-01 11:00:00"}
{"level":"verbose","message":"2017-01-01 11:00:00 overdueMonitor server reporting in","timestamp":"2017-01-01 11:00:02"}
{"level":"info","message":"overdueMonitor reporting mechanism completed","timestamp":"2017-01-01 11:00:02"}
{"level":"info","message":"overdueMonitor reporting mechanism triggered","timestamp":"2017-01-01 11:30:00"}
{"level":"verbose","message":"2017-01-01 11:30:00 overdueMonitor server reporting in","timestamp":"2017-01-01 11:30:02"}
{"level":"info","message":"overdueMonitor reporting mechanism completed","timestamp":"2017-01-01 11:30:02"}
{"level":"info","message":"overdueMonitor reporting mechanism triggered","timestamp":"2017-01-01 12:00:00"}
{"level":"verbose","message":"2017-01-01 12:00:00 overdueMonitor server reporting in","timestamp":"2017-01-01 12:00:02"}
{"level":"info","message":"overdueMonitor reporting mechanism completed","timestamp":"2017-01-01 12:00:02"}
{"level":"info","message":"overdueMonitor reporting mechanism triggered","timestamp":"2017-01-01 12:30:00"}
{"level":"verbose","message":"2017-01-01 12:30:00 overdueMonitor server reporting in","timestamp":"2017-01-01 12:30:02"}
{"level":"info","message":"overdueMonitor reporting mechanism completed","timestamp":"2017-01-01 12:30:02"}
{"level":"info","message":"overdueMonitor reporting mechanism triggered","timestamp":"2017-01-01 13:00:00"}
{"level":"verbose","message":"2017-01-01 13:00:00 overdueMonitor server reporting in","timestamp":"2017-01-01 13:00:02"}
{"level":"info","message":"overdueMonitor reporting mechanism completed","timestamp":"2017-01-01 13:00:02"}
{"level":"info","message":"overdueMonitor reporting mechanism triggered","timestamp":"2017-01-01 13:30:00"}
{"level":"verbose","message":"2017-01-01 13:30:00 overdueMonitor server reporting in","timestamp":"2017-01-01 13:30:02"}
{"level":"info","message":"overdueMonitor reporting mechanism completed","timestamp":"2017-01-01 13:30:02"}
{"level":"info","message":"overdueMonitor reporting mechanism triggered","timestamp":"2017-01-01 14:00:00"}
{"level":"verbose","message":"2017-01-01 14:00:00 overdueMonitor server reporting in","timestamp":"2017-01-01 14:00:02"}
{"level":"info","message":"overdueMonitor reporting mechanism completed","timestamp":"2017-01-01 14:00:02"}
{"level":"info","message":"overdueMonitor reporting mechanism triggered","timestamp":"2017-01-01 14:30:00"}
{"level":"verbose","message":"2017-01-01 14:30:00 overdueMonitor server reporting in","timestamp":"2017-01-01 14:30:02"}
{"level":"info","message":"overdueMonitor reporting mechanism completed","timestamp":"2017-01-01 14:30:02"}
{"level":"info","message":"overdueMonitor reporting mechanism triggered","timestamp":"2017-01-01 15:00:00"}
{"level":"verbose","message":"2017-01-01 15:00:00 overdueMonitor server reporting in","timestamp":"2017-01-01 15:00:02"}
{"level":"info","message":"overdueMonitor reporting mechanism completed","timestamp":"2017-01-01 15:00:02"}
{"level":"info","message":"overdueMonitor reporting mechanism triggered","timestamp":"2017-01-01 15:30:00"}
{"level":"verbose","message":"2017-01-01 15:30:00 overdueMonitor server reporting in","timestamp":"2017-01-01 15:30:02"}
{"level":"info","message":"overdueMonitor reporting mechanism completed","timestamp":"2017-01-01 15:30:02"}
{"level":"info","message":"overdueMonitor reporting mechanism triggered","timestamp":"2017-01-01 16:00:00"}
{"level":"verbose","message":"2017-01-01 16:00:00 overdueMonitor server reporting in","timestamp":"2017-01-01 16:00:03"}
{"level":"info","message":"overdueMonitor reporting mechanism completed","timestamp":"2017-01-01 16:00:03"}
{"level":"info","message":"overdueMonitor reporting mechanism triggered","timestamp":"2017-01-01 16:30:00"}
{"level":"verbose","message":"2017-01-01 16:30:00 overdueMonitor server reporting in","timestamp":"2017-01-01 16:30:02"}
{"level":"info","message":"overdueMonitor reporting mechanism completed","timestamp":"2017-01-01 16:30:02"}
{"level":"info","message":"overdueMonitor reporting mechanism triggered","timestamp":"2017-01-01 17:00:00"}
{"level":"verbose","message":"2017-01-01 17:00:00 overdueMonitor server reporting in","timestamp":"2017-01-01 17:00:02"}
{"level":"info","message":"overdueMonitor reporting mechanism completed","timestamp":"2017-01-01 17:00:02"}
{"level":"info","message":"overdueMonitor reporting mechanism triggered","timestamp":"2017-01-01 17:30:00"}
{"level":"verbose","message":"2017-01-01 17:30:00 overdueMonitor server reporting in","timestamp":"2017-01-01 17:30:02"}
{"level":"info","message":"overdueMonitor reporting mechanism completed","timestamp":"2017-01-01 17:30:02"}
{"level":"info","message":"proceeding with scheduled [擷取金流狀況數據]","timestamp":"2017-01-01 18:00:00"}
{"level":"info","message":"overdueMonitor database access function triggered","timestamp":"2017-01-01 18:00:00"}
{"level":"info","message":"query: SELECT * FROM overdueMonitor.dbo.overview;","timestamp":"2017-01-01 18:00:00"}
{"level":"info","message":"overdueMonitor reporting mechanism triggered","timestamp":"2017-01-01 18:00:00"}
{"level":"info","message":"overdueMonitor database access completed","timestamp":"2017-01-01 18:00:01"}
{"level":"info","message":"overdueMonitor database access function triggered","timestamp":"2017-01-01 18:00:01"}
{"level":"info","message":"query: INSERT INTO overdueMonitor.dbo.cashFlowSnapshot VALUES('2017-01-01',96894035,111414288,34772005,'2017-01-01 18:00:01');","timestamp":"2017-01-01 18:00:01"}
{"level":"info","message":"overdueMonitor database access completed","timestamp":"2017-01-01 18:00:01"}
{"level":"info","message":"captureCashFlowSnapshot completed successfully...","timestamp":"2017-01-01 18:00:01"}
{"level":"verbose","message":"2017-01-01 18:00:00 overdueMonitor server reporting in","timestamp":"2017-01-01 18:00:02"}
{"level":"info","message":"overdueMonitor reporting mechanism completed","timestamp":"2017-01-01 18:00:02"}
{"level":"info","message":"message sent to 蔡佳佑","timestamp":"2017-01-01 18:00:03"}
{"level":"info","message":"overdueMonitor reporting mechanism triggered","timestamp":"2017-01-01 18:30:00"}
{"level":"verbose","message":"2017-01-01 18:30:00 overdueMonitor server reporting in","timestamp":"2017-01-01 18:30:02"}
{"level":"info","message":"overdueMonitor reporting mechanism completed","timestamp":"2017-01-01 18:30:02"}
{"level":"info","message":"overdueMonitor reporting mechanism triggered","timestamp":"2017-01-01 19:00:03"}
{"level":"verbose","message":"2017-01-01 19:00:03 overdueMonitor server reporting in","timestamp":"2017-01-01 19:00:05"}
{"level":"info","message":"overdueMonitor reporting mechanism completed","timestamp":"2017-01-01 19:00:05"}
{"level":"info","message":"overdueMonitor reporting mechanism triggered","timestamp":"2017-01-01 19:30:00"}
{"level":"verbose","message":"2017-01-01 19:30:00 overdueMonitor server reporting in","timestamp":"2017-01-01 19:30:02"}
{"level":"info","message":"overdueMonitor reporting mechanism completed","timestamp":"2017-01-01 19:30:02"}
{"level":"info","message":"overdueMonitor reporting mechanism triggered","timestamp":"2017-01-01 20:00:00"}
{"level":"verbose","message":"2017-01-01 20:00:00 overdueMonitor server reporting in","timestamp":"2017-01-01 20:00:02"}
{"level":"info","message":"overdueMonitor reporting mechanism completed","timestamp":"2017-01-01 20:00:02"}
{"level":"info","message":"overdueMonitor reporting mechanism triggered","timestamp":"2017-01-01 20:30:00"}
{"level":"verbose","message":"2017-01-01 20:30:00 overdueMonitor server reporting in","timestamp":"2017-01-01 20:30:02"}
{"level":"info","message":"overdueMonitor reporting mechanism completed","timestamp":"2017-01-01 20:30:02"}
{"level":"info","message":"overdueMonitor reporting mechanism triggered","timestamp":"2017-01-01 21:00:00"}
{"level":"verbose","message":"2017-01-01 21:00:00 overdueMonitor server reporting in","timestamp":"2017-01-01 21:00:02"}
{"level":"info","message":"overdueMonitor reporting mechanism completed","timestamp":"2017-01-01 21:00:02"}
{"level":"info","message":"overdueMonitor reporting mechanism triggered","timestamp":"2017-01-01 21:30:00"}
{"level":"verbose","message":"2017-01-01 21:30:00 overdueMonitor server reporting in","timestamp":"2017-01-01 21:30:02"}
{"level":"info","message":"overdueMonitor reporting mechanism completed","timestamp":"2017-01-01 21:30:02"}
{"level":"info","message":"overdueMonitor reporting mechanism triggered","timestamp":"2017-01-01 22:00:00"}
{"level":"verbose","message":"2017-01-01 22:00:00 overdueMonitor server reporting in","timestamp":"2017-01-01 22:00:03"}
{"level":"info","message":"overdueMonitor reporting mechanism completed","timestamp":"2017-01-01 22:00:03"}
{"level":"info","message":"overdueMonitor reporting mechanism triggered","timestamp":"2017-01-01 22:30:00"}
{"level":"verbose","message":"2017-01-01 22:30:00 overdueMonitor server reporting in","timestamp":"2017-01-01 22:30:02"}
{"level":"info","message":"overdueMonitor reporting mechanism completed","timestamp":"2017-01-01 22:30:02"}
{"level":"info","message":"overdueMonitor reporting mechanism triggered","timestamp":"2017-01-01 23:00:00"}
{"level":"verbose","message":"2017-01-01 23:00:00 overdueMonitor server reporting in","timestamp":"2017-01-01 23:00:02"}
{"level":"info","message":"overdueMonitor reporting mechanism completed","timestamp":"2017-01-01 23:00:02"}
{"level":"info","message":"overdueMonitor reporting mechanism triggered","timestamp":"2017-01-01 23:30:00"}
{"level":"verbose","message":"2017-01-01 23:30:00 overdueMonitor server reporting in","timestamp":"2017-01-01 23:30:02"}
{"level":"info","message":"overdueMonitor reporting mechanism completed","timestamp":"2017-01-01 23:30:02"}
{"level":"info","message":"overdueMonitor reporting mechanism triggered","timestamp":"2017-01-02 00:00:00"}
{"level":"verbose","message":"2017-01-02 00:00:00 overdueMonitor server reporting in","timestamp":"2017-01-02 00:00:02"}
{"level":"info","message":"overdueMonitor reporting mechanism completed","timestamp":"2017-01-02 00:00:02"}
{"level":"info","message":"overdueMonitor reporting mechanism triggered","timestamp":"2017-01-02 00:30:00"}
{"level":"verbose","message":"2017-01-02 00:30:00 overdueMonitor server reporting in","timestamp":"2017-01-02 00:30:02"}
{"level":"info","message":"overdueMonitor reporting mechanism completed","timestamp":"2017-01-02 00:30:02"}
{"level":"info","message":"overdueMonitor reporting mechanism triggered","timestamp":"2017-01-02 01:00:00"}
{"level":"verbose","message":"2017-01-02 01:00:00 overdueMonitor server reporting in","timestamp":"2017-01-02 01:00:02"}
{"level":"info","message":"overdueMonitor reporting mechanism completed","timestamp":"2017-01-02 01:00:02"}
{"level":"info","message":"overdueMonitor reporting mechanism triggered","timestamp":"2017-01-02 01:30:00"}
{"level":"verbose","message":"2017-01-02 01:30:00 overdueMonitor server reporting in","timestamp":"2017-01-02 01:30:02"}
{"level":"info","message":"overdueMonitor reporting mechanism completed","timestamp":"2017-01-02 01:30:02"}
{"level":"info","message":"overdueMonitor reporting mechanism triggered","timestamp":"2017-01-02 05:00:00"}
{"level":"verbose","message":"2017-01-02 05:00:00 overdueMonitor server reporting in","timestamp":"2017-01-02 05:00:02"}
{"level":"info","message":"overdueMonitor reporting mechanism completed","timestamp":"2017-01-02 05:00:02"}
{"level":"info","message":"overdueMonitor reporting mechanism triggered","timestamp":"2017-01-02 05:30:00"}
{"level":"verbose","message":"2017-01-02 05:30:00 overdueMonitor server reporting in","timestamp":"2017-01-02 05:30:02"}
{"level":"info","message":"overdueMonitor reporting mechanism completed","timestamp":"2017-01-02 05:30:02"}
{"level":"info","message":"overdueMonitor reporting mechanism triggered","timestamp":"2017-01-02 06:00:00"}
{"level":"verbose","message":"2017-01-02 06:00:00 overdueMonitor server reporting in","timestamp":"2017-01-02 06:00:02"}
{"level":"info","message":"overdueMonitor reporting mechanism completed","timestamp":"2017-01-02 06:00:02"}
{"level":"info","message":"overdueMonitor reporting mechanism triggered","timestamp":"2017-01-02 06:30:00"}
{"level":"verbose","message":"2017-01-02 06:30:00 overdueMonitor server reporting in","timestamp":"2017-01-02 06:30:02"}
{"level":"info","message":"overdueMonitor reporting mechanism completed","timestamp":"2017-01-02 06:30:02"}
{"level":"info","message":"overdueMonitor reporting mechanism triggered","timestamp":"2017-01-02 07:00:00"}
{"level":"verbose","message":"2017-01-02 07:00:00 overdueMonitor server reporting in","timestamp":"2017-01-02 07:00:02"}
{"level":"info","message":"overdueMonitor reporting mechanism completed","timestamp":"2017-01-02 07:00:02"}
{"level":"info","message":"overdueMonitor reporting mechanism triggered","timestamp":"2017-01-02 07:30:01"}
{"level":"verbose","message":"2017-01-02 07:30:01 overdueMonitor server reporting in","timestamp":"2017-01-02 07:30:02"}
{"level":"info","message":"overdueMonitor reporting mechanism completed","timestamp":"2017-01-02 07:30:02"}
{"level":"info","message":"overdueMonitor reporting mechanism triggered","timestamp":"2017-01-02 08:00:00"}
{"level":"verbose","message":"2017-01-02 08:00:00 overdueMonitor server reporting in","timestamp":"2017-01-02 08:00:01"}
{"level":"info","message":"overdueMonitor reporting mechanism completed","timestamp":"2017-01-02 08:00:01"}
{"level":"info","message":"overdueMonitor reporting mechanism triggered","timestamp":"2017-01-02 08:30:00"}
{"level":"verbose","message":"2017-01-02 08:30:00 overdueMonitor server reporting in","timestamp":"2017-01-02 08:30:01"}
{"level":"info","message":"overdueMonitor reporting mechanism completed","timestamp":"2017-01-02 08:30:01"}
{"level":"info","message":"overdueMonitor reporting mechanism triggered","timestamp":"2017-01-02 09:00:00"}
{"level":"verbose","message":"2017-01-02 09:00:00 overdueMonitor server reporting in","timestamp":"2017-01-02 09:00:01"}
{"level":"info","message":"overdueMonitor reporting mechanism completed","timestamp":"2017-01-02 09:00:01"}
{"level":"info","message":"【新增逾期項目款監控作業】 cronjob triggered","timestamp":"2017-01-02 09:00:03"}
{"level":"info","message":"proceeding with scheduled [【新增逾期項目款監控作業】]","timestamp":"2017-01-02 09:00:03"}
{"level":"info","message":"overdueMonitor database access function triggered","timestamp":"2017-01-02 09:00:03"}
{"level":"info","message":"query: SELECT * FROM overdueMonitor.dbo.warning_NewOverdue ORDER BY PS_DD ASC;","timestamp":"2017-01-02 09:00:03"}
{"level":"info","message":"overdueMonitor database access completed","timestamp":"2017-01-02 09:00:03"}
{"level":"info","message":"2 record(s) to process","timestamp":"2017-01-02 09:00:03"}
{"level":"info","message":"individual message for ${telegramUser.getUserName(broadcastTargetID)} had been sent to the broadcast server","timestamp":"2017-01-02 09:00:04"}
{"level":"info","message":"individual message for ${telegramUser.getUserName(broadcastTargetID)} had been sent to the broadcast server","timestamp":"2017-01-02 09:00:04"}
{"level":"info","message":"individual message for ${telegramUser.getUserName(broadcastTargetID)} had been sent to the broadcast server","timestamp":"2017-01-02 09:00:04"}
{"level":"info","message":"individual message for ${telegramUser.getUserName(broadcastTargetID)} had been sent to the broadcast server","timestamp":"2017-01-02 09:00:04"}
{"level":"info","message":"group message sent to broadcast server","timestamp":"2017-01-02 09:00:04"}
{"level":"info","message":"【新增逾期項目款監控作業】 broadcasting cronjob completed","timestamp":"2017-01-02 09:00:04"}
{"level":"info","message":"group message sent to broadcast server","timestamp":"2017-01-02 09:00:04"}
{"level":"info","message":"【新增逾期項目款監控作業】 broadcasting cronjob completed","timestamp":"2017-01-02 09:00:04"}
{"level":"info","message":"【近期逾期項目監控作業】 cronjob triggered","timestamp":"2017-01-02 09:00:33"}
{"level":"info","message":"proceeding with scheduled [【近期逾期項目監控作業】]","timestamp":"2017-01-02 09:00:33"}
{"level":"info","message":"overdueMonitor database access function triggered","timestamp":"2017-01-02 09:00:33"}
{"level":"info","message":"query: SELECT * FROM overdueMonitor.dbo.warning_PastWeekOverdue ORDER BY G_PERIOD_REMAIN ASC;","timestamp":"2017-01-02 09:00:33"}
{"level":"info","message":"overdueMonitor database access completed","timestamp":"2017-01-02 09:00:33"}
{"level":"info","message":"17 record(s) to process","timestamp":"2017-01-02 09:00:33"}
{"level":"info","message":"individual message for ${telegramUser.getUserName(broadcastTargetID)} had been sent to the broadcast server","timestamp":"2017-01-02 09:00:33"}
{"level":"info","message":"individual message for ${telegramUser.getUserName(broadcastTargetID)} had been sent to the broadcast server","timestamp":"2017-01-02 09:00:33"}
{"level":"info","message":"individual message for ${telegramUser.getUserName(broadcastTargetID)} had been sent to the broadcast server","timestamp":"2017-01-02 09:00:33"}
{"level":"info","message":"individual message for ${telegramUser.getUserName(broadcastTargetID)} had been sent to the broadcast server","timestamp":"2017-01-02 09:00:33"}
{"level":"info","message":"individual message for ${telegramUser.getUserName(broadcastTargetID)} had been sent to the broadcast server","timestamp":"2017-01-02 09:00:33"}
{"level":"info","message":"individual message for ${telegramUser.getUserName(broadcastTargetID)} had been sent to the broadcast server","timestamp":"2017-01-02 09:00:33"}
{"level":"info","message":"individual message for ${telegramUser.getUserName(broadcastTargetID)} had been sent to the broadcast server","timestamp":"2017-01-02 09:00:33"}
{"level":"info","message":"individual message for ${telegramUser.getUserName(broadcastTargetID)} had been sent to the broadcast server","timestamp":"2017-01-02 09:00:33"}
{"level":"info","message":"individual message for ${telegramUser.getUserName(broadcastTargetID)} had been sent to the broadcast server","timestamp":"2017-01-02 09:00:33"}
{"level":"info","message":"individual message for ${telegramUser.getUserName(broadcastTargetID)} had been sent to the broadcast server","timestamp":"2017-01-02 09:00:33"}
{"level":"info","message":"individual message for ${telegramUser.getUserName(broadcastTargetID)} had been sent to the broadcast server","timestamp":"2017-01-02 09:00:33"}
{"level":"info","message":"individual message for ${telegramUser.getUserName(broadcastTargetID)} had been sent to the broadcast server","timestamp":"2017-01-02 09:00:33"}
{"level":"info","message":"group message sent to broadcast server","timestamp":"2017-01-02 09:00:34"}
{"level":"info","message":"【近期逾期項目監控作業】 broadcasting cronjob completed","timestamp":"2017-01-02 09:00:34"}
{"level":"info","message":"group message sent to broadcast server","timestamp":"2017-01-02 09:00:34"}
{"level":"info","message":"【近期逾期項目監控作業】 broadcasting cronjob completed","timestamp":"2017-01-02 09:00:34"}
{"level":"info","message":"【本週即將逾期項目監控作業】 cronjob triggered","timestamp":"2017-01-02 09:01:03"}
{"level":"info","message":"proceeding with scheduled [【本週即將逾期項目監控作業】]","timestamp":"2017-01-02 09:01:03"}
{"level":"info","message":"overdueMonitor database access function triggered","timestamp":"2017-01-02 09:01:03"}
{"level":"info","message":"query: SELECT * FROM overdueMonitor.dbo.warning_OneWeek ORDER BY G_PERIOD_REMAIN ASC;","timestamp":"2017-01-02 09:01:03"}
{"level":"info","message":"overdueMonitor database access completed","timestamp":"2017-01-02 09:01:03"}
{"level":"info","message":"4 record(s) to process","timestamp":"2017-01-02 09:01:03"}
{"level":"info","message":"individual message for ${telegramUser.getUserName(broadcastTargetID)} had been sent to the broadcast server","timestamp":"2017-01-02 09:01:04"}
{"level":"info","message":"individual message for ${telegramUser.getUserName(broadcastTargetID)} had been sent to the broadcast server","timestamp":"2017-01-02 09:01:04"}
{"level":"info","message":"individual message for ${telegramUser.getUserName(broadcastTargetID)} had been sent to the broadcast server","timestamp":"2017-01-02 09:01:04"}
{"level":"info","message":"individual message for ${telegramUser.getUserName(broadcastTargetID)} had been sent to the broadcast server","timestamp":"2017-01-02 09:01:04"}
{"level":"info","message":"individual message for ${telegramUser.getUserName(broadcastTargetID)} had been sent to the broadcast server","timestamp":"2017-01-02 09:01:04"}
{"level":"info","message":"individual message for ${telegramUser.getUserName(broadcastTargetID)} had been sent to the broadcast server","timestamp":"2017-01-02 09:01:04"}
{"level":"info","message":"group message sent to broadcast server","timestamp":"2017-01-02 09:01:04"}
{"level":"info","message":"【本週即將逾期項目監控作業】 broadcasting cronjob completed","timestamp":"2017-01-02 09:01:04"}
{"level":"info","message":"group message sent to broadcast server","timestamp":"2017-01-02 09:01:04"}
{"level":"info","message":"【本週即將逾期項目監控作業】 broadcasting cronjob completed","timestamp":"2017-01-02 09:01:04"}
{"level":"info","message":"【兩週內即將逾期項目監控作業】 cronjob triggered","timestamp":"2017-01-02 09:01:33"}
{"level":"info","message":"proceeding with scheduled [【兩週內即將逾期項目監控作業】]","timestamp":"2017-01-02 09:01:33"}
{"level":"info","message":"overdueMonitor database access function triggered","timestamp":"2017-01-02 09:01:33"}
{"level":"info","message":"query: SELECT * FROM overdueMonitor.dbo.warning_TwoWeek ORDER BY G_PERIOD_REMAIN ASC;","timestamp":"2017-01-02 09:01:33"}
{"level":"info","message":"overdueMonitor database access completed","timestamp":"2017-01-02 09:01:34"}
{"level":"info","message":"8 record(s) to process","timestamp":"2017-01-02 09:01:34"}
{"level":"info","message":"individual message for ${telegramUser.getUserName(broadcastTargetID)} had been sent to the broadcast server","timestamp":"2017-01-02 09:01:34"}
{"level":"info","message":"individual message for ${telegramUser.getUserName(broadcastTargetID)} had been sent to the broadcast server","timestamp":"2017-01-02 09:01:34"}
{"level":"info","message":"individual message for ${telegramUser.getUserName(broadcastTargetID)} had been sent to the broadcast server","timestamp":"2017-01-02 09:01:34"}
{"level":"info","message":"individual message for ${telegramUser.getUserName(broadcastTargetID)} had been sent to the broadcast server","timestamp":"2017-01-02 09:01:34"}
{"level":"info","message":"group message sent to broadcast server","timestamp":"2017-01-02 09:01:34"}
{"level":"info","message":"【兩週內即將逾期項目監控作業】 broadcasting cronjob completed","timestamp":"2017-01-02 09:01:34"}
{"level":"info","message":"individual message for ${telegramUser.getUserName(broadcastTargetID)} had been sent to the broadcast server","timestamp":"2017-01-02 09:01:34"}
{"level":"info","message":"group message sent to broadcast server","timestamp":"2017-01-02 09:01:34"}
{"level":"info","message":"【兩週內即將逾期項目監控作業】 broadcasting cronjob completed","timestamp":"2017-01-02 09:01:34"}
{"level":"info","message":"individual message for ${telegramUser.getUserName(broadcastTargetID)} had been sent to the broadcast server","timestamp":"2017-01-02 09:01:34"}
{"level":"info","message":"individual message for ${telegramUser.getUserName(broadcastTargetID)} had been sent to the broadcast server","timestamp":"2017-01-02 09:01:34"}
{"level":"info","message":"individual message for ${telegramUser.getUserName(broadcastTargetID)} had been sent to the broadcast server","timestamp":"2017-01-02 09:01:34"}
{"level":"info","message":"overdueMonitor database access function triggered","timestamp":"2017-01-02 09:05:03"}
{"level":"info","message":"query: SELECT * FROM overdueMonitor.dbo.activeSalesStaffDetail;","timestamp":"2017-01-02 09:05:03"}
{"level":"info","message":"overdueMonitor database access completed","timestamp":"2017-01-02 09:05:03"}
{"level":"info","message":"custom page notification sent to 趙婉伶","timestamp":"2017-01-02 09:05:03"}
{"level":"info","message":"custom page notification sent to 郭芳伊","timestamp":"2017-01-02 09:05:03"}
{"level":"info","message":"custom page notification sent to 廖珈慧","timestamp":"2017-01-02 09:05:03"}
{"level":"info","message":"custom page notification sent to 黃顯鈞","timestamp":"2017-01-02 09:05:03"}
{"level":"info","message":"custom page notification sent to 林綺緁","timestamp":"2017-01-02 09:05:03"}
{"level":"info","message":"custom page notification sent to 李宛儒","timestamp":"2017-01-02 09:05:03"}
{"level":"info","message":"custom page notification sent to 陳治儒","timestamp":"2017-01-02 09:05:03"}
{"level":"info","message":"custom page notification sent to 劉得臣","timestamp":"2017-01-02 09:05:03"}
{"level":"info","message":"overdueMonitor reporting mechanism triggered","timestamp":"2017-01-02 09:30:00"}
{"level":"verbose","message":"2017-01-02 09:30:00 overdueMonitor server reporting in","timestamp":"2017-01-02 09:30:01"}
{"level":"info","message":"overdueMonitor reporting mechanism completed","timestamp":"2017-01-02 09:30:01"}
{"level":"info","message":"overdueMonitor reporting mechanism triggered","timestamp":"2017-01-02 10:00:00"}
{"level":"verbose","message":"2017-01-02 10:00:00 overdueMonitor server reporting in","timestamp":"2017-01-02 10:00:01"}
{"level":"info","message":"overdueMonitor reporting mechanism completed","timestamp":"2017-01-02 10:00:01"}
{"level":"info","message":"overdueMonitor reporting mechanism triggered","timestamp":"2017-01-02 10:30:00"}
{"level":"verbose","message":"2017-01-02 10:30:00 overdueMonitor server reporting in","timestamp":"2017-01-02 10:30:01"}
{"level":"info","message":"overdueMonitor reporting mechanism completed","timestamp":"2017-01-02 10:30:01"}
{"level":"info","message":"overdueMonitor reporting mechanism triggered","timestamp":"2017-01-02 11:00:00"}
{"level":"verbose","message":"2017-01-02 11:00:00 overdueMonitor server reporting in","timestamp":"2017-01-02 11:00:01"}
{"level":"info","message":"overdueMonitor reporting mechanism completed","timestamp":"2017-01-02 11:00:01"}
{"level":"info","message":"overdueMonitor reporting mechanism triggered","timestamp":"2017-01-02 11:30:00"}
{"level":"verbose","message":"2017-01-02 11:30:00 overdueMonitor server reporting in","timestamp":"2017-01-02 11:30:01"}
{"level":"info","message":"overdueMonitor reporting mechanism completed","timestamp":"2017-01-02 11:30:01"}
{"level":"info","message":"overdueMonitor reporting mechanism triggered","timestamp":"2017-01-02 12:00:00"}
{"level":"verbose","message":"2017-01-02 12:00:00 overdueMonitor server reporting in","timestamp":"2017-01-02 12:00:01"}
{"level":"info","message":"overdueMonitor reporting mechanism completed","timestamp":"2017-01-02 12:00:01"}
{"level":"info","message":"overdueMonitor reporting mechanism triggered","timestamp":"2017-01-02 12:30:00"}
{"level":"verbose","message":"2017-01-02 12:30:00 overdueMonitor server reporting in","timestamp":"2017-01-02 12:30:01"}
{"level":"info","message":"overdueMonitor reporting mechanism completed","timestamp":"2017-01-02 12:30:01"}
{"level":"info","message":"overdueMonitor reporting mechanism triggered","timestamp":"2017-01-02 13:00:00"}
{"level":"verbose","message":"2017-01-02 13:00:00 overdueMonitor server reporting in","timestamp":"2017-01-02 13:00:01"}
{"level":"info","message":"overdueMonitor reporting mechanism completed","timestamp":"2017-01-02 13:00:01"}
{"level":"info","message":"overdueMonitor reporting mechanism triggered","timestamp":"2017-01-02 13:30:00"}
{"level":"verbose","message":"2017-01-02 13:30:00 overdueMonitor server reporting in","timestamp":"2017-01-02 13:30:01"}
{"level":"info","message":"overdueMonitor reporting mechanism completed","timestamp":"2017-01-02 13:30:01"}
{"level":"info","message":"overdueMonitor reporting mechanism triggered","timestamp":"2017-01-02 14:00:00"}
{"level":"verbose","message":"2017-01-02 14:00:00 overdueMonitor server reporting in","timestamp":"2017-01-02 14:00:01"}
{"level":"info","message":"overdueMonitor reporting mechanism completed","timestamp":"2017-01-02 14:00:01"}
{"level":"info","message":"overdueMonitor reporting mechanism triggered","timestamp":"2017-01-02 14:30:00"}
{"level":"verbose","message":"2017-01-02 14:30:00 overdueMonitor server reporting in","timestamp":"2017-01-02 14:30:01"}
{"level":"info","message":"overdueMonitor reporting mechanism completed","timestamp":"2017-01-02 14:30:01"}
{"level":"info","message":"overdueMonitor reporting mechanism triggered","timestamp":"2017-01-02 15:00:00"}
{"level":"verbose","message":"2017-01-02 15:00:00 overdueMonitor server reporting in","timestamp":"2017-01-02 15:00:01"}
{"level":"info","message":"overdueMonitor reporting mechanism completed","timestamp":"2017-01-02 15:00:01"}
{"level":"info","message":"overdueMonitor server in operation... (http://127.0.0.1:9003)","timestamp":"2017-01-02 15:05:01"}
{"level":"info","message":"overdueMonitor reporting mechanism triggered","timestamp":"2017-01-02 15:30:00"}
{"level":"verbose","message":"2017-01-02 15:30:00 overdueMonitor server reporting in","timestamp":"2017-01-02 15:30:02"}
{"level":"info","message":"overdueMonitor reporting mechanism completed","timestamp":"2017-01-02 15:30:02"}
{"level":"info","message":"overdueMonitor reporting mechanism triggered","timestamp":"2017-01-02 16:00:00"}
{"level":"verbose","message":"2017-01-02 16:00:00 overdueMonitor server reporting in","timestamp":"2017-01-02 16:00:02"}
{"level":"info","message":"overdueMonitor reporting mechanism completed","timestamp":"2017-01-02 16:00:02"}
{"level":"info","message":"overdueMonitor reporting mechanism triggered","timestamp":"2017-01-02 16:30:00"}
{"level":"verbose","message":"2017-01-02 16:30:00 overdueMonitor server reporting in","timestamp":"2017-01-02 16:30:02"}
{"level":"info","message":"overdueMonitor reporting mechanism completed","timestamp":"2017-01-02 16:30:02"}
{"level":"info","message":"overdueMonitor reporting mechanism triggered","timestamp":"2017-01-02 17:00:00"}
{"level":"verbose","message":"2017-01-02 17:00:00 overdueMonitor server reporting in","timestamp":"2017-01-02 17:00:02"}
{"level":"info","message":"overdueMonitor reporting mechanism completed","timestamp":"2017-01-02 17:00:02"}
{"level":"info","message":"overdueMonitor reporting mechanism triggered","timestamp":"2017-01-02 17:30:00"}
{"level":"verbose","message":"2017-01-02 17:30:00 overdueMonitor server reporting in","timestamp":"2017-01-02 17:30:02"}
{"level":"info","message":"overdueMonitor reporting mechanism completed","timestamp":"2017-01-02 17:30:02"}
{"level":"info","message":"overdueMonitor reporting mechanism triggered","timestamp":"2017-01-02 18:00:00"}
{"level":"info","message":"proceeding with scheduled [擷取金流狀況數據]","timestamp":"2017-01-02 18:00:00"}
{"level":"info","message":"overdueMonitor database access function triggered","timestamp":"2017-01-02 18:00:00"}
{"level":"info","message":"query: SELECT * FROM overdueMonitor.dbo.overview;","timestamp":"2017-01-02 18:00:00"}
{"level":"info","message":"overdueMonitor database access completed","timestamp":"2017-01-02 18:00:02"}
{"level":"info","message":"overdueMonitor database access function triggered","timestamp":"2017-01-02 18:00:02"}
{"level":"info","message":"query: INSERT INTO overdueMonitor.dbo.cashFlowSnapshot VALUES('2017-01-02',96340695,111967628,34772005,'2017-01-02 18:00:02');","timestamp":"2017-01-02 18:00:02"}
{"level":"info","message":"overdueMonitor database access completed","timestamp":"2017-01-02 18:00:02"}
{"level":"info","message":"captureCashFlowSnapshot completed successfully...","timestamp":"2017-01-02 18:00:02"}
{"level":"verbose","message":"2017-01-02 18:00:00 overdueMonitor server reporting in","timestamp":"2017-01-02 18:00:03"}
{"level":"info","message":"overdueMonitor reporting mechanism completed","timestamp":"2017-01-02 18:00:03"}
{"level":"info","message":"message sent to 蔡佳佑","timestamp":"2017-01-02 18:00:04"}
{"level":"info","message":"overdueMonitor reporting mechanism triggered","timestamp":"2017-01-02 18:30:00"}
{"level":"verbose","message":"2017-01-02 18:30:00 overdueMonitor server reporting in","timestamp":"2017-01-02 18:30:02"}
{"level":"info","message":"overdueMonitor reporting mechanism completed","timestamp":"2017-01-02 18:30:02"}
{"level":"info","message":"overdueMonitor reporting mechanism triggered","timestamp":"2017-01-02 19:00:00"}
{"level":"verbose","message":"2017-01-02 19:00:00 overdueMonitor server reporting in","timestamp":"2017-01-02 19:00:02"}
{"level":"info","message":"overdueMonitor reporting mechanism completed","timestamp":"2017-01-02 19:00:02"}
{"level":"info","message":"overdueMonitor reporting mechanism triggered","timestamp":"2017-01-02 19:30:00"}
{"level":"verbose","message":"2017-01-02 19:30:00 overdueMonitor server reporting in","timestamp":"2017-01-02 19:30:02"}
{"level":"info","message":"overdueMonitor reporting mechanism completed","timestamp":"2017-01-02 19:30:02"}
{"level":"info","message":"overdueMonitor reporting mechanism triggered","timestamp":"2017-01-02 20:00:00"}
{"level":"verbose","message":"2017-01-02 20:00:00 overdueMonitor server reporting in","timestamp":"2017-01-02 20:00:02"}
{"level":"info","message":"overdueMonitor reporting mechanism completed","timestamp":"2017-01-02 20:00:02"}
{"level":"info","message":"overdueMonitor server in operation... (http://127.0.0.1:9003)","timestamp":"2017-01-03 08:25:00"}
{"level":"info","message":"overdueMonitor server in operation... (http://127.0.0.1:9003)","timestamp":"2017-01-03 08:27:36"}
