-----------------------------------------------------------------------------------------------
scheduled overdue info broadcasting started at: Wed Oct 26 2016 16:13:24 GMT+0800 (CST)
3 record(s) found

#1: 【逾期款監控系統】致業務員：廖珈慧 - 客戶【COTY】於昨日產生逾期款項 $276,852 (SA1050627002)。請注意！
#2: 【逾期款監控系統】致業務員：林綺緁 - 客戶【PARISIS】於昨日產生逾期款項 $1,630,337 (SA1050428005)。請注意！
#3: 【逾期款監控系統】致業務員：李宛儒 - 客戶【Freedom】於昨日產生逾期款項 $789,543 (SA1051025001)。請注意！

Scheduled mobile broadcasting completed at: Wed Oct 26 2016 16:13:24 GMT+0800 (CST)
-----------------------------------------------------------------------------------------------
-----------------------------------------------------------------------------------------------
scheduled overdue info broadcasting started at: Thu Oct 27 2016 09:00:02 GMT+0800 (CST)
1 record(s) found

#1: 【逾期款監控系統】致業務員：郭芳伊 - 客戶【ETS DUBREU】於昨日產生逾期款項 $67,719 (SA1050827001)。請注意！

Scheduled mobile broadcasting completed at: Thu Oct 27 2016 09:00:02 GMT+0800 (CST)
-----------------------------------------------------------------------------------------------
-----------------------------------------------------------------------------------------------
scheduled overdue info broadcasting started at: Sat Oct 29 2016 10:24:53 GMT+0800 (CST)
3 record(s) found

#1: 【逾期款監控系統】致業務員：郭芳伊 - 客戶【SODIP】於昨日產生逾期款項 $850,580 (SA1050913005)。請注意！
#2: 【逾期款監控系統】致業務員：郭芳伊 - 客戶【BARALAN】於昨日產生逾期款項 $687,141 (SA1050913004)。請注意！
#3: 【逾期款監控系統】致業務員：林綺緁 - 客戶【CORANIA】於昨日產生逾期款項 $1,063,460 (SA1050630005)。請注意！

Scheduled mobile broadcasting completed at: Sat Oct 29 2016 10:24:53 GMT+0800 (CST)
-----------------------------------------------------------------------------------------------
-----------------------------------------------------------------------------------------------
scheduled overdue info broadcasting started at: Sun Oct 30 2016 09:00:07 GMT+0800 (CST)
1 record(s) found

#1: 【逾期款監控系統】致業務員：林綺緁 - 客戶【Novapack I】於昨日產生逾期款項 $1,291,168 (SA1050830004)。請注意！

Scheduled mobile broadcasting completed at: Sun Oct 30 2016 09:00:07 GMT+0800 (CST)
-----------------------------------------------------------------------------------------------
-----------------------------------------------------------------------------------------------
scheduled overdue info broadcasting started at: Mon Oct 31 2016 09:00:01 GMT+0800 (CST)
1 record(s) found

#1: 【逾期款監控系統】致業務員：林綺緁 - 客戶【Novapack I】於昨日產生逾期款項 $422,269 (SA1050831003)。請注意！

Scheduled mobile broadcasting completed at: Mon Oct 31 2016 09:00:01 GMT+0800 (CST)
-----------------------------------------------------------------------------------------------
-----------------------------------------------------------------------------------------------
scheduled overdue info broadcasting started at: Wed Nov 02 2016 09:14:48 GMT+0800 (CST)
2 record(s) found

#1: 【逾期款監控系統】致業務員：廖珈慧 - 客戶【ABA】於昨日產生逾期款項 $129,997 (SA1050902002)。請注意！
#2: 【逾期款監控系統】致業務員：陳治儒 - 客戶【SWISS】於昨日產生逾期款項 $1,994,008 (SA1050714002)。請注意！

Scheduled mobile broadcasting completed at: Wed Nov 02 2016 09:14:48 GMT+0800 (CST)
-----------------------------------------------------------------------------------------------
-----------------------------------------------------------------------------------------------
scheduled overdue info broadcasting started at: Thu Nov 03 2016 09:00:08 GMT+0800 (CST)
1 record(s) found

#1: 【逾期款監控系統】致業務員：廖珈慧 - 客戶【COTY】於昨日產生逾期款項 $1,404,858 (SA1050705002)。請注意！

Scheduled mobile broadcasting completed at: Thu Nov 03 2016 09:00:08 GMT+0800 (CST)
-----------------------------------------------------------------------------------------------
-----------------------------------------------------------------------------------------------
scheduled overdue info broadcasting started at: Fri Nov 04 2016 09:00:02 GMT+0800 (CST)
0 record(s) found


Scheduled mobile broadcasting completed at: Fri Nov 04 2016 09:00:02 GMT+0800 (CST)
-----------------------------------------------------------------------------------------------
-----------------------------------------------------------------------------------------------
scheduled overdue info broadcasting started at: Sat Nov 05 2016 09:00:07 GMT+0800 (CST)
0 record(s) found


Scheduled mobile broadcasting completed at: Sat Nov 05 2016 09:00:07 GMT+0800 (CST)
-----------------------------------------------------------------------------------------------
-----------------------------------------------------------------------------------------------
scheduled overdue info broadcasting started at: Sun Nov 06 2016 09:00:02 GMT+0800 (CST)
1 record(s) found

#1: 【逾期款監控系統】致業務員：廖珈慧 - 客戶【Jackel】於昨日產生逾期款項 $434,573 (SA1050906001)。請注意！

Scheduled mobile broadcasting completed at: Sun Nov 06 2016 09:00:02 GMT+0800 (CST)
-----------------------------------------------------------------------------------------------
-----------------------------------------------------------------------------------------------
scheduled overdue info broadcasting started at: Mon Nov 07 2016 09:00:01 GMT+0800 (CST)
0 record(s) found


Scheduled mobile broadcasting completed at: Mon Nov 07 2016 09:00:01 GMT+0800 (CST)
-----------------------------------------------------------------------------------------------
-----------------------------------------------------------------------------------------------
scheduled overdue info broadcasting started at: Tue Nov 08 2016 09:00:02 GMT+0800 (CST)
0 record(s) found


Scheduled mobile broadcasting completed at: Tue Nov 08 2016 09:00:02 GMT+0800 (CST)
-----------------------------------------------------------------------------------------------
-----------------------------------------------------------------------------------------------
scheduled overdue info broadcasting started at: Wed Nov 09 2016 09:00:02 GMT+0800 (CST)
0 record(s) found


Scheduled mobile broadcasting completed at: Wed Nov 09 2016 09:00:02 GMT+0800 (CST)
-----------------------------------------------------------------------------------------------
-----------------------------------------------------------------------------------------------
scheduled overdue info broadcasting started at: Thu Nov 10 2016 09:49:55 GMT+0800 (CST)
1 record(s) found

#1: 【逾期款監控系統】致業務員：林綺緁 - 客戶【PARISIS】於昨日產生逾期款項 $150,864 (SA1050513002)。請注意！

Scheduled mobile broadcasting completed at: Thu Nov 10 2016 09:49:58 GMT+0800 (CST)
-----------------------------------------------------------------------------------------------
-----------------------------------------------------------------------------------------------
scheduled overdue info broadcasting started at: Fri Nov 11 2016 09:00:02 GMT+0800 (CST)
1 record(s) found

#1: 【逾期款監控系統】致業務員：劉得臣 - 客戶【WOUROUD】於昨日產生逾期款項 $1,677,794 (SA1050713004)。請注意！

Scheduled mobile broadcasting completed at: Fri Nov 11 2016 09:00:02 GMT+0800 (CST)
-----------------------------------------------------------------------------------------------
-----------------------------------------------------------------------------------------------
scheduled overdue info broadcasting started at: Sat Nov 12 2016 09:00:05 GMT+0800 (CST)
1 record(s) found

#1: 【逾期款監控系統】致業務員：林綺緁 - 客戶【Novapack I】於昨日產生逾期款項 $370,570 (SA1050912001)。請注意！

Scheduled mobile broadcasting completed at: Sat Nov 12 2016 09:00:05 GMT+0800 (CST)
-----------------------------------------------------------------------------------------------
-----------------------------------------------------------------------------------------------
scheduled overdue info broadcasting started at: Sun Nov 13 2016 09:00:06 GMT+0800 (CST)
3 record(s) found

#1: 【逾期款監控系統】致業務員：廖珈慧 - 客戶【Jackel】於昨日產生逾期款項 $915,149 (SA1050913002)。請注意！
#2: 【逾期款監控系統】致業務員：陳治儒 - 客戶【BSM (Albat】於昨日產生逾期款項 $392,745 (SA1051013004)。請注意！
#3: 【逾期款監控系統】致業務員：陳治儒 - 客戶【AAC】於昨日產生逾期款項 $378,665 (SA1051013002)。請注意！

Scheduled mobile broadcasting completed at: Sun Nov 13 2016 09:00:06 GMT+0800 (CST)
-----------------------------------------------------------------------------------------------
-----------------------------------------------------------------------------------------------
scheduled overdue info broadcasting started at: Mon Nov 14 2016 10:22:46 GMT+0800 (CST)
1 record(s) found

#1: 【逾期款監控系統】致業務員：郭芳伊 - 客戶【DINA】於昨日產生逾期款項 $1,105,185 (SA1050815002)。請注意！

Scheduled mobile broadcasting completed at: Mon Nov 14 2016 10:22:47 GMT+0800 (CST)
-----------------------------------------------------------------------------------------------
-----------------------------------------------------------------------------------------------
scheduled overdue info broadcasting started at: Tue Nov 15 2016 09:00:02 GMT+0800 (CST)
1 record(s) found

#1: 【逾期款監控系統】致業務員：郭芳伊 - 客戶【UDV】於昨日產生逾期款項 $969,021 (SA1050831002)。請注意！

Scheduled mobile broadcasting completed at: Tue Nov 15 2016 09:00:02 GMT+0800 (CST)
-----------------------------------------------------------------------------------------------
-----------------------------------------------------------------------------------------------
scheduled overdue info broadcasting started at: Wed Nov 16 2016 09:00:03 GMT+0800 (CST)
1 record(s) found

#1: 【逾期款監控系統】致業務員：林綺緁 - 客戶【REGOLITE F】於昨日產生逾期款項 $179,888 (SA1050519001)。請注意！

Scheduled mobile broadcasting completed at: Wed Nov 16 2016 09:00:03 GMT+0800 (CST)
-----------------------------------------------------------------------------------------------
-----------------------------------------------------------------------------------------------
scheduled overdue info broadcasting started at: Thu Nov 17 2016 09:53:34 GMT+0800 (CST)
1 record(s) found

#1: 【逾期款監控系統】致業務員：陳治儒 - 客戶【SWISS】於昨日產生逾期款項 $2,409,844 (SA1050729003)。請注意！

Scheduled mobile broadcasting completed at: Thu Nov 17 2016 09:53:34 GMT+0800 (CST)
-----------------------------------------------------------------------------------------------
-----------------------------------------------------------------------------------------------
scheduled overdue info broadcasting started at: Fri Nov 18 2016 09:00:04 GMT+0800 (CST)
1 record(s) found

#1: 【逾期款監控系統】致業務員：廖珈慧 - 客戶【COTY】於昨日產生逾期款項 $892,628 (SA1050720001)。請注意！

Scheduled mobile broadcasting completed at: Fri Nov 18 2016 09:00:05 GMT+0800 (CST)
-----------------------------------------------------------------------------------------------
-----------------------------------------------------------------------------------------------
scheduled overdue info broadcasting started at: Sat Nov 19 2016 09:00:02 GMT+0800 (CST)
0 record(s) found


Scheduled mobile broadcasting completed at: Sat Nov 19 2016 09:00:02 GMT+0800 (CST)
-----------------------------------------------------------------------------------------------
